<?xml version="1.0" encoding="UTF-8"?>
<testng-results ignored="1" total="4" passed="3" failed="0" skipped="0">
  <reporter-output>
  </reporter-output>
  <suite started-at="2023-12-29T15:09:17 IST" name="Suite" finished-at="2023-12-29T15:09:45 IST" duration-ms="27836">
    <groups>
    </groups>
    <test started-at="2023-12-29T15:09:17 IST" name="FirefoxBrowser" finished-at="2023-12-29T15:09:36 IST" duration-ms="19358">
      <class name="verification.VerifyTheActiTimeProject">
        <test-method is-config="true" signature="LaunchBrowser(java.lang.String)[pri:0, instance:verification.VerifyTheActiTimeProject@72cc7e6f]" started-at="2023-12-29T15:09:17 IST" name="LaunchBrowser" finished-at="2023-12-29T15:09:23 IST" duration-ms="5945" status="PASS">
          <params>
            <param index="0">
              <value>
                <![CDATA[Firefox]]>
              </value>
            </param>
          </params>
          <reporter-output>
          </reporter-output>
        </test-method> <!-- LaunchBrowser -->
        <test-method is-config="true" signature="createPomObjects()[pri:0, instance:verification.VerifyTheActiTimeProject@72cc7e6f]" started-at="2023-12-29T15:09:23 IST" name="createPomObjects" finished-at="2023-12-29T15:09:23 IST" duration-ms="1" status="PASS">
          <reporter-output>
          </reporter-output>
        </test-method> <!-- createPomObjects -->
        <test-method is-config="true" signature="LoginToapplication()[pri:0, instance:verification.VerifyTheActiTimeProject@72cc7e6f]" started-at="2023-12-29T15:09:23 IST" name="LoginToapplication" finished-at="2023-12-29T15:09:31 IST" duration-ms="8413" status="PASS">
          <reporter-output>
          </reporter-output>
        </test-method> <!-- LoginToapplication -->
        <test-method signature="ToVerifyTheTask()[pri:0, instance:verification.VerifyTheActiTimeProject@72cc7e6f]" started-at="2023-12-29T15:09:31 IST" name="ToVerifyTheTask" finished-at="2023-12-29T15:09:35 IST" duration-ms="3655" status="PASS">
          <reporter-output>
          </reporter-output>
        </test-method> <!-- ToVerifyTheTask -->
        <test-method is-config="true" signature="Logout(org.testng.ITestResult)[pri:0, instance:verification.VerifyTheActiTimeProject@72cc7e6f]" started-at="2023-12-29T15:09:35 IST" name="Logout" finished-at="2023-12-29T15:09:35 IST" duration-ms="234" status="PASS">
          <params>
            <param index="0">
              <value>
                <![CDATA[[TestResult name=ToVerifyTheTask status=SUCCESS method=VerifyTheActiTimeProject.ToVerifyTheTask()[pri:0, instance:verification.VerifyTheActiTimeProject@72cc7e6f] output={null}]]]>
              </value>
            </param>
          </params>
          <reporter-output>
          </reporter-output>
        </test-method> <!-- Logout -->
        <test-method is-config="true" signature="clearObject()[pri:0, instance:verification.VerifyTheActiTimeProject@72cc7e6f]" started-at="2023-12-29T15:09:35 IST" name="clearObject" finished-at="2023-12-29T15:09:35 IST" duration-ms="1" status="PASS">
          <reporter-output>
          </reporter-output>
        </test-method> <!-- clearObject -->
        <test-method is-config="true" signature="closedBrowser()[pri:0, instance:verification.VerifyTheActiTimeProject@72cc7e6f]" started-at="2023-12-29T15:09:35 IST" name="closedBrowser" finished-at="2023-12-29T15:09:36 IST" duration-ms="1091" status="PASS">
          <reporter-output>
          </reporter-output>
        </test-method> <!-- closedBrowser -->
      </class> <!-- verification.VerifyTheActiTimeProject -->
    </test> <!-- FirefoxBrowser -->
    <test started-at="2023-12-29T15:09:17 IST" name="ChromeBrowser" finished-at="2023-12-29T15:09:45 IST" duration-ms="27836">
      <class name="verification.VerifyTheActiTimeProject">
        <test-method is-config="true" signature="LaunchBrowser(java.lang.String)[pri:0, instance:verification.VerifyTheActiTimeProject@1ed4ae0f]" started-at="2023-12-29T15:09:17 IST" name="LaunchBrowser" finished-at="2023-12-29T15:09:19 IST" duration-ms="2657" status="PASS">
          <params>
            <param index="0">
              <value>
                <![CDATA[Chrome]]>
              </value>
            </param>
          </params>
          <reporter-output>
          </reporter-output>
        </test-method> <!-- LaunchBrowser -->
        <test-method is-config="true" signature="createPomObjects()[pri:0, instance:verification.VerifyTheActiTimeProject@1ed4ae0f]" started-at="2023-12-29T15:09:20 IST" name="createPomObjects" finished-at="2023-12-29T15:09:20 IST" duration-ms="57" status="PASS">
          <reporter-output>
          </reporter-output>
        </test-method> <!-- createPomObjects -->
        <test-method is-config="true" signature="LoginToapplication()[pri:0, instance:verification.VerifyTheActiTimeProject@1ed4ae0f]" started-at="2023-12-29T15:09:20 IST" name="LoginToapplication" finished-at="2023-12-29T15:09:26 IST" duration-ms="6450" status="PASS">
          <reporter-output>
          </reporter-output>
        </test-method> <!-- LoginToapplication -->
        <test-method signature="ToVerifyTheTask()[pri:0, instance:verification.VerifyTheActiTimeProject@1ed4ae0f]" started-at="2023-12-29T15:09:26 IST" name="ToVerifyTheTask" finished-at="2023-12-29T15:09:33 IST" duration-ms="7331" status="PASS">
          <reporter-output>
          </reporter-output>
        </test-method> <!-- ToVerifyTheTask -->
        <test-method is-config="true" signature="Logout(org.testng.ITestResult)[pri:0, instance:verification.VerifyTheActiTimeProject@1ed4ae0f]" started-at="2023-12-29T15:09:33 IST" name="Logout" finished-at="2023-12-29T15:09:35 IST" duration-ms="1774" status="PASS">
          <params>
            <param index="0">
              <value>
                <![CDATA[[TestResult name=ToVerifyTheTask status=SUCCESS method=VerifyTheActiTimeProject.ToVerifyTheTask()[pri:0, instance:verification.VerifyTheActiTimeProject@1ed4ae0f] output={null}]]]>
              </value>
            </param>
          </params>
          <reporter-output>
          </reporter-output>
        </test-method> <!-- Logout -->
        <test-method is-config="true" signature="LoginToapplication()[pri:0, instance:verification.VerifyTheActiTimeProject@1ed4ae0f]" started-at="2023-12-29T15:09:35 IST" name="LoginToapplication" finished-at="2023-12-29T15:09:37 IST" duration-ms="1360" status="PASS">
          <reporter-output>
          </reporter-output>
        </test-method> <!-- LoginToapplication -->
        <test-method signature="ToVerifyTheReports()[pri:0, instance:verification.VerifyTheActiTimeProject@1ed4ae0f]" started-at="2023-12-29T15:09:37 IST" name="ToVerifyTheReports" finished-at="2023-12-29T15:09:43 IST" duration-ms="6881" status="PASS">
          <reporter-output>
          </reporter-output>
        </test-method> <!-- ToVerifyTheReports -->
        <test-method is-config="true" signature="Logout(org.testng.ITestResult)[pri:0, instance:verification.VerifyTheActiTimeProject@1ed4ae0f]" started-at="2023-12-29T15:09:43 IST" name="Logout" finished-at="2023-12-29T15:09:44 IST" duration-ms="1031" status="PASS">
          <params>
            <param index="0">
              <value>
                <![CDATA[[TestResult name=ToVerifyTheReports status=SUCCESS method=VerifyTheActiTimeProject.ToVerifyTheReports()[pri:0, instance:verification.VerifyTheActiTimeProject@1ed4ae0f] output={null}]]]>
              </value>
            </param>
          </params>
          <reporter-output>
          </reporter-output>
        </test-method> <!-- Logout -->
        <test-method is-config="true" signature="clearObject()[pri:0, instance:verification.VerifyTheActiTimeProject@1ed4ae0f]" started-at="2023-12-29T15:09:44 IST" name="clearObject" finished-at="2023-12-29T15:09:44 IST" duration-ms="0" status="PASS">
          <reporter-output>
          </reporter-output>
        </test-method> <!-- clearObject -->
        <test-method is-config="true" signature="closedBrowser()[pri:0, instance:verification.VerifyTheActiTimeProject@1ed4ae0f]" started-at="2023-12-29T15:09:44 IST" name="closedBrowser" finished-at="2023-12-29T15:09:45 IST" duration-ms="228" status="PASS">
          <reporter-output>
          </reporter-output>
        </test-method> <!-- closedBrowser -->
      </class> <!-- verification.VerifyTheActiTimeProject -->
    </test> <!-- ChromeBrowser -->
  </suite> <!-- Suite -->
</testng-results>
