<?xml version="1.0" encoding="UTF-8"?>
<!-- Generated by org.testng.reporters.JUnitXMLReporter -->
<testsuite ignored="2" hostname="LAPTOP-6I2ERQM6" failures="0" tests="1" name="Validation" time="28.427" errors="0" timestamp="2023-12-27T13:27:17 IST">
  <testcase classname="verification.Assertions" name="ToVerifyTheReports" time="11.073"/>
  <testcase classname="verification.Assertions" name="ToVerifyTheUsers" time="0.0">
    <ignored/>
  </testcase> <!-- ToVerifyTheUsers -->
  <testcase classname="verification.Assertions" name="ToVerifyTheTask" time="0.0">
    <ignored/>
  </testcase> <!-- ToVerifyTheTask -->
</testsuite> <!-- Validation -->
