<?xml version="1.0" encoding="UTF-8"?>
<!-- Generated by org.testng.reporters.JUnitXMLReporter -->
<testsuite ignored="1" hostname="LAPTOP-6I2ERQM6" failures="0" tests="1" name="FirefoxBrowser" time="19.358" errors="0" timestamp="2023-12-29T15:09:36 IST">
  <testcase classname="verification.VerifyTheActiTimeProject" name="ToVerifyTheTask" time="3.655"/>
  <testcase classname="verification.VerifyTheActiTimeProject" name="ToVerifyTheReports" time="0.0">
    <ignored/>
  </testcase> <!-- ToVerifyTheReports -->
</testsuite> <!-- FirefoxBrowser -->
