<?xml version="1.0" encoding="UTF-8"?>
<!-- Generated by org.testng.reporters.JUnitXMLReporter -->
<testsuite ignored="1" hostname="LAPTOP-6I2ERQM6" failures="0" tests="9" name="Test" time="0.126" errors="0" timestamp="2023-12-27T17:36:15 IST">
  <testcase classname="verification.VerifyTheActiTimeProject" name="@BeforeTest launchBrowser" time="-1.703678775696E9">
    <failure type="org.testng.TestNGException" message="
Parameter &amp;apos;browser&amp;apos; is required by BeforeTest on method launchBrowser but has not been marked @Optional or defined
in C:\Users\Abhishek\eclipse-workspace\BankingFramework\testng.xml">
      <![CDATA[org.testng.TestNGException: 
Parameter 'browser' is required by BeforeTest on method launchBrowser but has not been marked @Optional or defined
in C:\Users\Abhishek\eclipse-workspace\BankingFramework\testng.xml
... Removed 21 stack frames]]>
    </failure>
  </testcase> <!-- @BeforeTest launchBrowser -->
  <testcase classname="verification.DemoPractise" name="@BeforeClass beforeclass" time="-1.703678775732E9">
    <skipped/>
  </testcase> <!-- @BeforeClass beforeclass -->
  <testcase classname="verification.DemoPractise" name="@BeforeMethod beforemethod" time="-1.70367877575E9">
    <skipped/>
  </testcase> <!-- @BeforeMethod beforemethod -->
  <testcase classname="verification.DemoPractise" name="@AfterMethod Aftermethod" time="-1.703678775758E9">
    <skipped/>
  </testcase> <!-- @AfterMethod Aftermethod -->
  <testcase classname="verification.DemoPractise" name="@BeforeMethod beforemethod" time="-1.703678775763E9">
    <skipped/>
  </testcase> <!-- @BeforeMethod beforemethod -->
  <testcase classname="verification.DemoPractise" name="@AfterMethod Aftermethod" time="-1.703678775768E9">
    <skipped/>
  </testcase> <!-- @AfterMethod Aftermethod -->
  <testcase classname="verification.DemoPractise" name="@BeforeMethod beforemethod" time="-1.70367877577E9">
    <skipped/>
  </testcase> <!-- @BeforeMethod beforemethod -->
  <testcase classname="verification.DemoPractise" name="@AfterMethod Aftermethod" time="-1.703678775774E9">
    <skipped/>
  </testcase> <!-- @AfterMethod Aftermethod -->
  <testcase classname="verification.DemoPractise" name="@AfterClass Afterclass" time="-1.703678775782E9">
    <skipped/>
  </testcase> <!-- @AfterClass Afterclass -->
  <testcase classname="verification.Assertions" name="@BeforeClass OpenBrowser" time="-1.703678775784E9">
    <skipped/>
  </testcase> <!-- @BeforeClass OpenBrowser -->
  <testcase classname="verification.Assertions" name="@BeforeMethod LoginToapplication" time="-1.703678775786E9">
    <skipped/>
  </testcase> <!-- @BeforeMethod LoginToapplication -->
  <testcase classname="verification.Assertions" name="@AfterMethod Logout" time="-1.703678775789E9">
    <skipped/>
  </testcase> <!-- @AfterMethod Logout -->
  <testcase classname="verification.Assertions" name="@BeforeMethod LoginToapplication" time="-1.70367877579E9">
    <skipped/>
  </testcase> <!-- @BeforeMethod LoginToapplication -->
  <testcase classname="verification.Assertions" name="@AfterMethod Logout" time="-1.703678775794E9">
    <skipped/>
  </testcase> <!-- @AfterMethod Logout -->
  <testcase classname="verification.Assertions" name="@BeforeMethod LoginToapplication" time="-1.703678775795E9">
    <skipped/>
  </testcase> <!-- @BeforeMethod LoginToapplication -->
  <testcase classname="verification.Assertions" name="@AfterMethod Logout" time="-1.703678775799E9">
    <skipped/>
  </testcase> <!-- @AfterMethod Logout -->
  <testcase classname="verification.Assertions" name="@AfterClass closebrowser" time="-1.703678775801E9">
    <skipped/>
  </testcase> <!-- @AfterClass closebrowser -->
  <testcase classname="verification.VerifyTheActiTimeProject" name="@BeforeClass createPomObjects" time="-1.703678775803E9">
    <skipped/>
  </testcase> <!-- @BeforeClass createPomObjects -->
  <testcase classname="verification.VerifyTheActiTimeProject" name="@BeforeMethod LoginToapplication" time="-1.703678775805E9">
    <skipped/>
  </testcase> <!-- @BeforeMethod LoginToapplication -->
  <testcase classname="verification.VerifyTheActiTimeProject" name="@AfterMethod Logout" time="-1.703678775808E9">
    <skipped/>
  </testcase> <!-- @AfterMethod Logout -->
  <testcase classname="verification.VerifyTheActiTimeProject" name="@BeforeMethod LoginToapplication" time="-1.70367877581E9">
    <skipped/>
  </testcase> <!-- @BeforeMethod LoginToapplication -->
  <testcase classname="verification.VerifyTheActiTimeProject" name="@AfterMethod Logout" time="-1.703678775813E9">
    <skipped/>
  </testcase> <!-- @AfterMethod Logout -->
  <testcase classname="verification.VerifyTheActiTimeProject" name="@AfterClass clearObject" time="-1.703678775814E9">
    <skipped/>
  </testcase> <!-- @AfterClass clearObject -->
  <testcase classname="verification.VerifyTheActiTimeProject" name="@AfterTest closedBrowser" time="-1.703678775815E9">
    <skipped/>
  </testcase> <!-- @AfterTest closedBrowser -->
  <testcase classname="verification.DemoPractise" name="testA" time="0.0">
    <skipped/>
  </testcase> <!-- testA -->
  <testcase classname="verification.DemoPractise" name="testB" time="0.0">
    <skipped/>
  </testcase> <!-- testB -->
  <testcase classname="verification.DemoPractise" name="testB" time="0.0">
    <skipped/>
  </testcase> <!-- testB -->
  <testcase classname="verification.DemoPractise" name="testC" time="0.0">
    <skipped/>
  </testcase> <!-- testC -->
  <testcase classname="verification.Assertions" name="ToVerifyTheReports" time="0.0">
    <skipped/>
  </testcase> <!-- ToVerifyTheReports -->
  <testcase classname="verification.Assertions" name="ToVerifyTheTask" time="0.0">
    <skipped/>
  </testcase> <!-- ToVerifyTheTask -->
  <testcase classname="verification.Assertions" name="ToVerifyTheUsers" time="0.0">
    <skipped/>
  </testcase> <!-- ToVerifyTheUsers -->
  <testcase classname="verification.VerifyTheActiTimeProject" name="ToVerifyTheReports" time="0.0">
    <skipped/>
  </testcase> <!-- ToVerifyTheReports -->
  <testcase classname="verification.VerifyTheActiTimeProject" name="ToVerifyTheTask" time="0.0">
    <skipped/>
  </testcase> <!-- ToVerifyTheTask -->
  <testcase classname="verification.DemoPractise" name="testD" time="0.0">
    <ignored/>
  </testcase> <!-- testD -->
</testsuite> <!-- Test -->
